<?xml version="1.0" encoding="UTF-8"?>
<testng-results ignored="0" total="1" passed="1" failed="0" skipped="0">
  <reporter-output>
  </reporter-output>
  <suite started-at="2020-01-25T11:48:39 EST" name="Amazon Automation Script " finished-at="2020-01-25T11:49:53 EST" duration-ms="73357">
    <groups>
    </groups>
    <test started-at="2020-01-25T11:48:39 EST" name="Amazon Home" finished-at="2020-01-25T11:49:53 EST" duration-ms="73357">
      <class name="home.AmazonHome">
        <test-method is-config="true" signature="setUp(boolean, java.lang.String, java.lang.String, java.lang.String, java.lang.String, java.lang.String, java.lang.String)[pri:0, instance:home.AmazonHome@37574691]" started-at="2020-01-25T11:48:39 EST" name="setUp" finished-at="2020-01-25T11:48:52 EST" duration-ms="13103" status="PASS">
          <params>
            <param index="0">
              <value>
                <![CDATA[false]]>
              </value>
            </param>
            <param index="1">
              <value>
                <![CDATA[browserstack]]>
              </value>
            </param>
            <param index="2">
              <value>
                <![CDATA[OS X]]>
              </value>
            </param>
            <param index="3">
              <value>
                <![CDATA[Sierra]]>
              </value>
            </param>
            <param index="4">
              <value>
                <![CDATA[chrome]]>
              </value>
            </param>
            <param index="5">
              <value>
                <![CDATA[75.0]]>
              </value>
            </param>
            <param index="6">
              <value>
                <![CDATA[https://www.amazon.com]]>
              </value>
            </param>
          </params>
          <reporter-output>
          </reporter-output>
        </test-method> <!-- setUp -->
        <test-method signature="test1()[pri:0, instance:home.AmazonHome@37574691]" started-at="2020-01-25T11:48:52 EST" name="test1" finished-at="2020-01-25T11:49:52 EST" duration-ms="59909" status="PASS">
          <reporter-output>
          </reporter-output>
        </test-method> <!-- test1 -->
        <test-method is-config="true" signature="cleanUp()[pri:0, instance:home.AmazonHome@37574691]" started-at="2020-01-25T11:49:52 EST" name="cleanUp" finished-at="2020-01-25T11:49:53 EST" duration-ms="314" status="PASS">
          <reporter-output>
          </reporter-output>
        </test-method> <!-- cleanUp -->
      </class> <!-- home.AmazonHome -->
    </test> <!-- Amazon Home -->
  </suite> <!-- Amazon Automation Script  -->
</testng-results>
